<?xml version="1.0" encoding="UTF-8"?>
<coverage generated="1552863990">
  <project timestamp="1552863990">
    <package name="Toiba\FullCalendarBundle\Controller">
      <file name="/Users/theoattali/Sites/github/FullCalendarBundle/Controller/CalendarController.php">
        <class name="Toiba\FullCalendarBundle\Controller\CalendarController" namespace="Toiba\FullCalendarBundle\Controller">
          <metrics complexity="3" methods="1" coveredmethods="0" conditionals="0" coveredconditionals="0" statements="16" coveredstatements="13" elements="17" coveredelements="13"/>
        </class>
        <line num="16" type="method" name="loadAction" visibility="public" complexity="3" crap="3.06" count="2"/>
        <line num="18" type="stmt" count="2"/>
        <line num="19" type="stmt" count="2"/>
        <line num="20" type="stmt" count="2"/>
        <line num="24" type="stmt" count="2"/>
        <line num="25" type="stmt" count="2"/>
        <line num="26" type="stmt" count="2"/>
        <line num="27" type="stmt" count="1"/>
        <line num="28" type="stmt" count="2"/>
        <line num="30" type="stmt" count="0"/>
        <line num="31" type="stmt" count="0"/>
        <line num="32" type="stmt" count="0"/>
        <line num="35" type="stmt" count="2"/>
        <line num="36" type="stmt" count="2"/>
        <line num="37" type="stmt" count="2"/>
        <line num="38" type="stmt" count="2"/>
        <line num="40" type="stmt" count="2"/>
        <metrics loc="42" ncloc="37" classes="1" methods="1" coveredmethods="0" conditionals="0" coveredconditionals="0" statements="16" coveredstatements="13" elements="17" coveredelements="13"/>
      </file>
    </package>
    <package name="Toiba\FullCalendarBundle\DependencyInjection">
      <file name="/Users/theoattali/Sites/github/FullCalendarBundle/DependencyInjection/Configuration.php">
        <class name="Toiba\FullCalendarBundle\DependencyInjection\Configuration" namespace="Toiba\FullCalendarBundle\DependencyInjection">
          <metrics complexity="1" methods="1" coveredmethods="1" conditionals="0" coveredconditionals="0" statements="3" coveredstatements="3" elements="4" coveredelements="4"/>
        </class>
        <line num="18" type="method" name="getConfigTreeBuilder" visibility="public" complexity="1" crap="1" count="2"/>
        <line num="20" type="stmt" count="2"/>
        <line num="21" type="stmt" count="2"/>
        <line num="23" type="stmt" count="2"/>
        <metrics loc="25" ncloc="17" classes="1" methods="1" coveredmethods="1" conditionals="0" coveredconditionals="0" statements="3" coveredstatements="3" elements="4" coveredelements="4"/>
      </file>
      <file name="/Users/theoattali/Sites/github/FullCalendarBundle/DependencyInjection/FullCalendarExtension.php">
        <class name="Toiba\FullCalendarBundle\DependencyInjection\FullCalendarExtension" namespace="Toiba\FullCalendarBundle\DependencyInjection">
          <metrics complexity="1" methods="1" coveredmethods="1" conditionals="0" coveredconditionals="0" statements="7" coveredstatements="7" elements="8" coveredelements="8"/>
        </class>
        <line num="20" type="method" name="load" visibility="public" complexity="1" crap="1" count="1"/>
        <line num="22" type="stmt" count="1"/>
        <line num="23" type="stmt" count="1"/>
        <line num="25" type="stmt" count="1"/>
        <line num="26" type="stmt" count="1"/>
        <line num="27" type="stmt" count="1"/>
        <line num="29" type="stmt" count="1"/>
        <line num="30" type="stmt" count="1"/>
        <metrics loc="31" ncloc="23" classes="1" methods="1" coveredmethods="1" conditionals="0" coveredconditionals="0" statements="7" coveredstatements="7" elements="8" coveredelements="8"/>
      </file>
    </package>
    <package name="Toiba\FullCalendarBundle\Entity">
      <file name="/Users/theoattali/Sites/github/FullCalendarBundle/Entity/Event.php">
        <class name="Toiba\FullCalendarBundle\Entity\Event" namespace="Toiba\FullCalendarBundle\Entity">
          <metrics complexity="74" methods="40" coveredmethods="40" conditionals="0" coveredconditionals="0" statements="97" coveredstatements="97" elements="137" coveredelements="137"/>
        </class>
        <line num="102" type="method" name="__construct" visibility="public" complexity="1" crap="1" count="4"/>
        <line num="107" type="stmt" count="4"/>
        <line num="108" type="stmt" count="4"/>
        <line num="109" type="stmt" count="4"/>
        <line num="110" type="stmt" count="4"/>
        <line num="115" type="method" name="getId" visibility="public" complexity="1" crap="1" count="2"/>
        <line num="117" type="stmt" count="2"/>
        <line num="123" type="method" name="setId" visibility="public" complexity="1" crap="1" count="1"/>
        <line num="125" type="stmt" count="1"/>
        <line num="126" type="stmt" count="1"/>
        <line num="131" type="method" name="getTitle" visibility="public" complexity="2" crap="2" count="3"/>
        <line num="133" type="stmt" count="3"/>
        <line num="139" type="method" name="setTitle" visibility="public" complexity="1" crap="1" count="4"/>
        <line num="141" type="stmt" count="4"/>
        <line num="142" type="stmt" count="4"/>
        <line num="147" type="method" name="isAllDay" visibility="public" complexity="1" crap="1" count="2"/>
        <line num="149" type="stmt" count="2"/>
        <line num="155" type="method" name="setAllDay" visibility="public" complexity="1" crap="1" count="1"/>
        <line num="157" type="stmt" count="1"/>
        <line num="158" type="stmt" count="1"/>
        <line num="163" type="method" name="getStartDate" visibility="public" complexity="2" crap="2" count="3"/>
        <line num="165" type="stmt" count="3"/>
        <line num="171" type="method" name="setStartDate" visibility="public" complexity="1" crap="1" count="4"/>
        <line num="173" type="stmt" count="4"/>
        <line num="174" type="stmt" count="4"/>
        <line num="179" type="method" name="getEndDate" visibility="public" complexity="2" crap="2" count="3"/>
        <line num="181" type="stmt" count="3"/>
        <line num="187" type="method" name="setEndDate" visibility="public" complexity="2" crap="2" count="4"/>
        <line num="189" type="stmt" count="4"/>
        <line num="190" type="stmt" count="4"/>
        <line num="192" type="stmt" count="4"/>
        <line num="193" type="stmt" count="4"/>
        <line num="198" type="method" name="getUrl" visibility="public" complexity="2" crap="2" count="2"/>
        <line num="200" type="stmt" count="2"/>
        <line num="206" type="method" name="setUrl" visibility="public" complexity="2" crap="2" count="1"/>
        <line num="208" type="stmt" count="1"/>
        <line num="209" type="stmt" count="1"/>
        <line num="214" type="method" name="getClassName" visibility="public" complexity="2" crap="2" count="2"/>
        <line num="216" type="stmt" count="2"/>
        <line num="222" type="method" name="setClassName" visibility="public" complexity="2" crap="2" count="1"/>
        <line num="224" type="stmt" count="1"/>
        <line num="225" type="stmt" count="1"/>
        <line num="230" type="method" name="isEditable" visibility="public" complexity="1" crap="1" count="2"/>
        <line num="232" type="stmt" count="2"/>
        <line num="238" type="method" name="setEditable" visibility="public" complexity="1" crap="1" count="1"/>
        <line num="240" type="stmt" count="1"/>
        <line num="241" type="stmt" count="1"/>
        <line num="246" type="method" name="isStartEditable" visibility="public" complexity="1" crap="1" count="2"/>
        <line num="248" type="stmt" count="2"/>
        <line num="254" type="method" name="setStartEditable" visibility="public" complexity="1" crap="1" count="1"/>
        <line num="256" type="stmt" count="1"/>
        <line num="257" type="stmt" count="1"/>
        <line num="262" type="method" name="isDurationEditable" visibility="public" complexity="1" crap="1" count="2"/>
        <line num="264" type="stmt" count="2"/>
        <line num="270" type="method" name="setDurationEditable" visibility="public" complexity="1" crap="1" count="1"/>
        <line num="272" type="stmt" count="1"/>
        <line num="273" type="stmt" count="1"/>
        <line num="278" type="method" name="getRendering" visibility="public" complexity="2" crap="2" count="2"/>
        <line num="280" type="stmt" count="2"/>
        <line num="286" type="method" name="setRendering" visibility="public" complexity="2" crap="2" count="1"/>
        <line num="288" type="stmt" count="1"/>
        <line num="289" type="stmt" count="1"/>
        <line num="294" type="method" name="isOverlap" visibility="public" complexity="1" crap="1" count="2"/>
        <line num="296" type="stmt" count="2"/>
        <line num="302" type="method" name="setOverlap" visibility="public" complexity="1" crap="1" count="1"/>
        <line num="304" type="stmt" count="1"/>
        <line num="305" type="stmt" count="1"/>
        <line num="310" type="method" name="getConstraint" visibility="public" complexity="2" crap="2" count="2"/>
        <line num="312" type="stmt" count="2"/>
        <line num="318" type="method" name="setConstraint" visibility="public" complexity="2" crap="2" count="1"/>
        <line num="320" type="stmt" count="1"/>
        <line num="321" type="stmt" count="1"/>
        <line num="326" type="method" name="getSource" visibility="public" complexity="2" crap="2" count="2"/>
        <line num="328" type="stmt" count="2"/>
        <line num="334" type="method" name="setSource" visibility="public" complexity="2" crap="2" count="1"/>
        <line num="336" type="stmt" count="1"/>
        <line num="337" type="stmt" count="1"/>
        <line num="342" type="method" name="getColor" visibility="public" complexity="2" crap="2" count="2"/>
        <line num="344" type="stmt" count="2"/>
        <line num="350" type="method" name="setColor" visibility="public" complexity="2" crap="2" count="1"/>
        <line num="352" type="stmt" count="1"/>
        <line num="353" type="stmt" count="1"/>
        <line num="358" type="method" name="getBackgroundColor" visibility="public" complexity="2" crap="2" count="2"/>
        <line num="360" type="stmt" count="2"/>
        <line num="366" type="method" name="setBackgroundColor" visibility="public" complexity="2" crap="2" count="1"/>
        <line num="368" type="stmt" count="1"/>
        <line num="369" type="stmt" count="1"/>
        <line num="374" type="method" name="getTextColor" visibility="public" complexity="2" crap="2" count="2"/>
        <line num="376" type="stmt" count="2"/>
        <line num="382" type="method" name="setTextColor" visibility="public" complexity="2" crap="2" count="1"/>
        <line num="384" type="stmt" count="1"/>
        <line num="385" type="stmt" count="1"/>
        <line num="393" type="method" name="setCustomField" visibility="public" complexity="2" crap="2" count="1"/>
        <line num="395" type="stmt" count="1"/>
        <line num="396" type="stmt" count="1"/>
        <line num="403" type="method" name="getCustomFieldValue" visibility="public" complexity="1" crap="1" count="1"/>
        <line num="405" type="stmt" count="1"/>
        <line num="411" type="method" name="getCustomFields" visibility="public" complexity="1" crap="1" count="2"/>
        <line num="413" type="stmt" count="2"/>
        <line num="421" type="method" name="removeCustomField" visibility="public" complexity="3" crap="3" count="1"/>
        <line num="423" type="stmt" count="1"/>
        <line num="424" type="stmt" count="1"/>
        <line num="427" type="stmt" count="1"/>
        <line num="428" type="stmt" count="1"/>
        <line num="430" type="stmt" count="1"/>
        <line num="436" type="method" name="toArray" visibility="public" complexity="12" crap="12" count="2"/>
        <line num="438" type="stmt" count="2"/>
        <line num="440" type="stmt" count="2"/>
        <line num="441" type="stmt" count="2"/>
        <line num="442" type="stmt" count="2"/>
        <line num="443" type="stmt" count="2"/>
        <line num="444" type="stmt" count="2"/>
        <line num="445" type="stmt" count="2"/>
        <line num="446" type="stmt" count="2"/>
        <line num="448" type="stmt" count="2"/>
        <line num="449" type="stmt" count="1"/>
        <line num="452" type="stmt" count="2"/>
        <line num="453" type="stmt" count="1"/>
        <line num="456" type="stmt" count="2"/>
        <line num="457" type="stmt" count="1"/>
        <line num="460" type="stmt" count="2"/>
        <line num="461" type="stmt" count="1"/>
        <line num="464" type="stmt" count="2"/>
        <line num="465" type="stmt" count="1"/>
        <line num="468" type="stmt" count="2"/>
        <line num="469" type="stmt" count="2"/>
        <line num="472" type="stmt" count="2"/>
        <line num="473" type="stmt" count="1"/>
        <line num="476" type="stmt" count="2"/>
        <line num="477" type="stmt" count="1"/>
        <line num="480" type="stmt" count="2"/>
        <line num="481" type="stmt" count="1"/>
        <line num="484" type="stmt" count="2"/>
        <line num="485" type="stmt" count="1"/>
        <line num="488" type="stmt" count="2"/>
        <line num="489" type="stmt" count="1"/>
        <line num="492" type="stmt" count="2"/>
        <metrics loc="494" ncloc="311" classes="1" methods="40" coveredmethods="40" conditionals="0" coveredconditionals="0" statements="97" coveredstatements="97" elements="137" coveredelements="137"/>
      </file>
    </package>
    <package name="Toiba\FullCalendarBundle\Event">
      <file name="/Users/theoattali/Sites/github/FullCalendarBundle/Event/CalendarEvent.php">
        <class name="Toiba\FullCalendarBundle\Event\CalendarEvent" namespace="Toiba\FullCalendarBundle\Event">
          <metrics complexity="7" methods="6" coveredmethods="1" conditionals="0" coveredconditionals="0" statements="11" coveredstatements="4" elements="17" coveredelements="5"/>
        </class>
        <line num="37" type="method" name="__construct" visibility="public" complexity="1" crap="1" count="1"/>
        <line num="42" type="stmt" count="1"/>
        <line num="43" type="stmt" count="1"/>
        <line num="44" type="stmt" count="1"/>
        <line num="45" type="stmt" count="1"/>
        <line num="50" type="method" name="getStart" visibility="public" complexity="1" crap="2" count="0"/>
        <line num="52" type="stmt" count="0"/>
        <line num="58" type="method" name="getEnd" visibility="public" complexity="1" crap="2" count="0"/>
        <line num="60" type="stmt" count="0"/>
        <line num="66" type="method" name="getFilters" visibility="public" complexity="1" crap="2" count="0"/>
        <line num="68" type="stmt" count="0"/>
        <line num="76" type="method" name="addEvent" visibility="public" complexity="2" crap="6" count="0"/>
        <line num="78" type="stmt" count="0"/>
        <line num="79" type="stmt" count="0"/>
        <line num="82" type="stmt" count="0"/>
        <line num="88" type="method" name="getEvents" visibility="public" complexity="1" crap="2" count="0"/>
        <line num="90" type="stmt" count="0"/>
        <metrics loc="92" ncloc="58" classes="1" methods="6" coveredmethods="1" conditionals="0" coveredconditionals="0" statements="11" coveredstatements="4" elements="17" coveredelements="5"/>
      </file>
    </package>
    <package name="Toiba\FullCalendarBundle">
      <file name="/Users/theoattali/Sites/github/FullCalendarBundle/FullCalendarBundle.php">
        <class name="Toiba\FullCalendarBundle\FullCalendarBundle" namespace="Toiba\FullCalendarBundle">
          <metrics complexity="0" methods="0" coveredmethods="0" conditionals="0" coveredconditionals="0" statements="0" coveredstatements="0" elements="0" coveredelements="0"/>
        </class>
        <metrics loc="9" ncloc="9" classes="0" methods="0" coveredmethods="0" conditionals="0" coveredconditionals="0" statements="0" coveredstatements="0" elements="0" coveredelements="0"/>
      </file>
    </package>
    <package name="Toiba\FullCalendarBundle\Service">
      <file name="/Users/theoattali/Sites/github/FullCalendarBundle/Service/Calendar.php">
        <class name="Toiba\FullCalendarBundle\Service\Calendar" namespace="Toiba\FullCalendarBundle\Service">
          <metrics complexity="2" methods="2" coveredmethods="2" conditionals="0" coveredconditionals="0" statements="7" coveredstatements="7" elements="9" coveredelements="9"/>
        </class>
        <line num="24" type="method" name="__construct" visibility="public" complexity="1" crap="1" count="2"/>
        <line num="28" type="stmt" count="2"/>
        <line num="29" type="stmt" count="2"/>
        <line num="30" type="stmt" count="2"/>
        <line num="39" type="method" name="getData" visibility="public" complexity="1" crap="1" count="1"/>
        <line num="45" type="stmt" count="1"/>
        <line num="46" type="stmt" count="1"/>
        <line num="47" type="stmt" count="1"/>
        <line num="50" type="stmt" count="1"/>
        <metrics loc="52" ncloc="34" classes="1" methods="2" coveredmethods="2" conditionals="0" coveredconditionals="0" statements="7" coveredstatements="7" elements="9" coveredelements="9"/>
      </file>
      <file name="/Users/theoattali/Sites/github/FullCalendarBundle/Service/Serializer.php">
        <class name="Toiba\FullCalendarBundle\Service\Serializer" namespace="Toiba\FullCalendarBundle\Service">
          <metrics complexity="2" methods="1" coveredmethods="1" conditionals="0" coveredconditionals="0" statements="4" coveredstatements="4" elements="5" coveredelements="5"/>
        </class>
        <line num="14" type="method" name="serialize" visibility="public" complexity="2" crap="2" count="2"/>
        <line num="16" type="stmt" count="2"/>
        <line num="18" type="stmt" count="2"/>
        <line num="19" type="stmt" count="1"/>
        <line num="22" type="stmt" count="2"/>
        <metrics loc="24" ncloc="19" classes="1" methods="1" coveredmethods="1" conditionals="0" coveredconditionals="0" statements="4" coveredstatements="4" elements="5" coveredelements="5"/>
      </file>
    </package>
    <file name="/Users/theoattali/Sites/github/FullCalendarBundle/Service/SerializerInterface.php">
      <metrics loc="15" ncloc="10" classes="0" methods="0" coveredmethods="0" conditionals="0" coveredconditionals="0" statements="0" coveredstatements="0" elements="0" coveredelements="0"/>
    </file>
    <metrics files="9" loc="784" ncloc="518" classes="7" methods="52" coveredmethods="46" conditionals="0" coveredconditionals="0" statements="145" coveredstatements="135" elements="197" coveredelements="181"/>
  </project>
</coverage>
